<?xml version="1.0" encoding="UTF-8"?>
<testng-results skipped="0" failed="0" ignored="0" total="1" passed="1">
  <reporter-output>
  </reporter-output>
  <suite name="Default suite" duration-ms="8115" started-at="2021-02-28T17:55:07Z" finished-at="2021-02-28T17:55:15Z">
    <groups>
    </groups>
    <test name="Default test" duration-ms="8115" started-at="2021-02-28T17:55:07Z" finished-at="2021-02-28T17:55:15Z">
      <class name="testCases.Delete_A_Product">
        <test-method status="PASS" signature="delete_A_Product()[pri:0, instance:testCases.Delete_A_Product@159f197]" name="delete_A_Product" duration-ms="7980" started-at="2021-02-28T17:55:07Z" finished-at="2021-02-28T17:55:15Z">
          <reporter-output>
          </reporter-output>
        </test-method> <!-- delete_A_Product -->
      </class> <!-- testCases.Delete_A_Product -->
    </test> <!-- Default test -->
  </suite> <!-- Default suite -->
</testng-results>
